  tableroprueba.cpp
C:\trabajo_ajedrez\tableroprueba\tableroprueba\tableroprueba.cpp(30,48): warning C4244: '=': conversión de 'double' a 'float'; posible pérdida de datos
C:\trabajo_ajedrez\tableroprueba\tableroprueba\tableroprueba.cpp(31,50): warning C4244: '=': conversión de 'double' a 'float'; posible pérdida de datos
C:\trabajo_ajedrez\tableroprueba\tableroprueba\tableroprueba.cpp(40,26): error C2061: error de sintaxis: identificador 'Torre'
C:\trabajo_ajedrez\tableroprueba\tableroprueba\tableroprueba.cpp(40,32): error C2143: error de sintaxis: falta ';' delante de '{'
C:\trabajo_ajedrez\tableroprueba\tableroprueba\tableroprueba.cpp(40,34): error C2059: error de sintaxis: ','
C:\trabajo_ajedrez\tableroprueba\tableroprueba\tableroprueba.cpp(40,55): error C2059: error de sintaxis: ')'
C:\trabajo_ajedrez\tableroprueba\tableroprueba\tableroprueba.cpp(41,26): error C2061: error de sintaxis: identificador 'Caballo'
C:\trabajo_ajedrez\tableroprueba\tableroprueba\tableroprueba.cpp(41,34): error C2143: error de sintaxis: falta ';' delante de '{'
C:\trabajo_ajedrez\tableroprueba\tableroprueba\tableroprueba.cpp(41,36): error C2059: error de sintaxis: ','
C:\trabajo_ajedrez\tableroprueba\tableroprueba\tableroprueba.cpp(41,50): error C2059: error de sintaxis: ')'
C:\trabajo_ajedrez\tableroprueba\tableroprueba\tableroprueba.cpp(42,26): error C2061: error de sintaxis: identificador 'Alfil'
C:\trabajo_ajedrez\tableroprueba\tableroprueba\tableroprueba.cpp(42,32): error C2143: error de sintaxis: falta ';' delante de '{'
C:\trabajo_ajedrez\tableroprueba\tableroprueba\tableroprueba.cpp(42,34): error C2059: error de sintaxis: ','
C:\trabajo_ajedrez\tableroprueba\tableroprueba\tableroprueba.cpp(42,55): error C2059: error de sintaxis: ')'
C:\trabajo_ajedrez\tableroprueba\tableroprueba\tableroprueba.cpp(43,26): error C2061: error de sintaxis: identificador 'Arzobispo'
C:\trabajo_ajedrez\tableroprueba\tableroprueba\tableroprueba.cpp(43,36): error C2143: error de sintaxis: falta ';' delante de '{'
C:\trabajo_ajedrez\tableroprueba\tableroprueba\tableroprueba.cpp(43,38): error C2059: error de sintaxis: ','
C:\trabajo_ajedrez\tableroprueba\tableroprueba\tableroprueba.cpp(43,59): error C2059: error de sintaxis: ')'
C:\trabajo_ajedrez\tableroprueba\tableroprueba\tableroprueba.cpp(44,26): error C2061: error de sintaxis: identificador 'Reina'
C:\trabajo_ajedrez\tableroprueba\tableroprueba\tableroprueba.cpp(44,32): error C2143: error de sintaxis: falta ';' delante de '{'
C:\trabajo_ajedrez\tableroprueba\tableroprueba\tableroprueba.cpp(44,34): error C2059: error de sintaxis: ','
C:\trabajo_ajedrez\tableroprueba\tableroprueba\tableroprueba.cpp(44,55): error C2059: error de sintaxis: ')'
C:\trabajo_ajedrez\tableroprueba\tableroprueba\tableroprueba.cpp(45,26): error C2061: error de sintaxis: identificador 'Rey'
C:\trabajo_ajedrez\tableroprueba\tableroprueba\tableroprueba.cpp(45,30): error C2143: error de sintaxis: falta ';' delante de '{'
C:\trabajo_ajedrez\tableroprueba\tableroprueba\tableroprueba.cpp(45,32): error C2059: error de sintaxis: ','
C:\trabajo_ajedrez\tableroprueba\tableroprueba\tableroprueba.cpp(45,53): error C2059: error de sintaxis: ')'
C:\trabajo_ajedrez\tableroprueba\tableroprueba\tableroprueba.cpp(46,26): error C2061: error de sintaxis: identificador 'Canciller'
C:\trabajo_ajedrez\tableroprueba\tableroprueba\tableroprueba.cpp(46,36): error C2143: error de sintaxis: falta ';' delante de '{'
C:\trabajo_ajedrez\tableroprueba\tableroprueba\tableroprueba.cpp(46,38): error C2059: error de sintaxis: ','
C:\trabajo_ajedrez\tableroprueba\tableroprueba\tableroprueba.cpp(46,59): error C2059: error de sintaxis: ')'
C:\trabajo_ajedrez\tableroprueba\tableroprueba\tableroprueba.cpp(47,26): error C2061: error de sintaxis: identificador 'Alfil'
C:\trabajo_ajedrez\tableroprueba\tableroprueba\tableroprueba.cpp(47,32): error C2143: error de sintaxis: falta ';' delante de '{'
C:\trabajo_ajedrez\tableroprueba\tableroprueba\tableroprueba.cpp(47,34): error C2059: error de sintaxis: ','
C:\trabajo_ajedrez\tableroprueba\tableroprueba\tableroprueba.cpp(47,55): error C2059: error de sintaxis: ')'
C:\trabajo_ajedrez\tableroprueba\tableroprueba\tableroprueba.cpp(48,26): error C2061: error de sintaxis: identificador 'Caballo'
C:\trabajo_ajedrez\tableroprueba\tableroprueba\tableroprueba.cpp(48,34): error C2143: error de sintaxis: falta ';' delante de '{'
C:\trabajo_ajedrez\tableroprueba\tableroprueba\tableroprueba.cpp(48,36): error C2059: error de sintaxis: ','
C:\trabajo_ajedrez\tableroprueba\tableroprueba\tableroprueba.cpp(48,50): error C2059: error de sintaxis: ')'
C:\trabajo_ajedrez\tableroprueba\tableroprueba\tableroprueba.cpp(49,26): error C2061: error de sintaxis: identificador 'Torre'
C:\trabajo_ajedrez\tableroprueba\tableroprueba\tableroprueba.cpp(49,32): error C2143: error de sintaxis: falta ';' delante de '{'
C:\trabajo_ajedrez\tableroprueba\tableroprueba\tableroprueba.cpp(49,34): error C2059: error de sintaxis: ','
C:\trabajo_ajedrez\tableroprueba\tableroprueba\tableroprueba.cpp(49,55): error C2059: error de sintaxis: ')'
C:\trabajo_ajedrez\tableroprueba\tableroprueba\tableroprueba.cpp(51,26): error C2061: error de sintaxis: identificador 'Torre'
C:\trabajo_ajedrez\tableroprueba\tableroprueba\tableroprueba.cpp(51,32): error C2143: error de sintaxis: falta ';' delante de '{'
C:\trabajo_ajedrez\tableroprueba\tableroprueba\tableroprueba.cpp(51,34): error C2059: error de sintaxis: ','
C:\trabajo_ajedrez\tableroprueba\tableroprueba\tableroprueba.cpp(51,54): error C2059: error de sintaxis: ')'
C:\trabajo_ajedrez\tableroprueba\tableroprueba\tableroprueba.cpp(52,26): error C2061: error de sintaxis: identificador 'Caballo'
C:\trabajo_ajedrez\tableroprueba\tableroprueba\tableroprueba.cpp(52,34): error C2143: error de sintaxis: falta ';' delante de '{'
C:\trabajo_ajedrez\tableroprueba\tableroprueba\tableroprueba.cpp(52,36): error C2059: error de sintaxis: ','
C:\trabajo_ajedrez\tableroprueba\tableroprueba\tableroprueba.cpp(52,49): error C2059: error de sintaxis: ')'
C:\trabajo_ajedrez\tableroprueba\tableroprueba\tableroprueba.cpp(53,26): error C2061: error de sintaxis: identificador 'Alfil'
C:\trabajo_ajedrez\tableroprueba\tableroprueba\tableroprueba.cpp(53,32): error C2143: error de sintaxis: falta ';' delante de '{'
C:\trabajo_ajedrez\tableroprueba\tableroprueba\tableroprueba.cpp(53,34): error C2059: error de sintaxis: ','
C:\trabajo_ajedrez\tableroprueba\tableroprueba\tableroprueba.cpp(53,54): error C2059: error de sintaxis: ')'
C:\trabajo_ajedrez\tableroprueba\tableroprueba\tableroprueba.cpp(54,26): error C2061: error de sintaxis: identificador 'Arzobispo'
C:\trabajo_ajedrez\tableroprueba\tableroprueba\tableroprueba.cpp(54,36): error C2143: error de sintaxis: falta ';' delante de '{'
C:\trabajo_ajedrez\tableroprueba\tableroprueba\tableroprueba.cpp(54,38): error C2059: error de sintaxis: ','
C:\trabajo_ajedrez\tableroprueba\tableroprueba\tableroprueba.cpp(54,58): error C2059: error de sintaxis: ')'
C:\trabajo_ajedrez\tableroprueba\tableroprueba\tableroprueba.cpp(55,26): error C2061: error de sintaxis: identificador 'Reina'
C:\trabajo_ajedrez\tableroprueba\tableroprueba\tableroprueba.cpp(55,32): error C2143: error de sintaxis: falta ';' delante de '{'
C:\trabajo_ajedrez\tableroprueba\tableroprueba\tableroprueba.cpp(55,34): error C2059: error de sintaxis: ','
C:\trabajo_ajedrez\tableroprueba\tableroprueba\tableroprueba.cpp(55,54): error C2059: error de sintaxis: ')'
C:\trabajo_ajedrez\tableroprueba\tableroprueba\tableroprueba.cpp(56,26): error C2061: error de sintaxis: identificador 'Rey'
C:\trabajo_ajedrez\tableroprueba\tableroprueba\tableroprueba.cpp(56,30): error C2143: error de sintaxis: falta ';' delante de '{'
C:\trabajo_ajedrez\tableroprueba\tableroprueba\tableroprueba.cpp(56,32): error C2059: error de sintaxis: ','
C:\trabajo_ajedrez\tableroprueba\tableroprueba\tableroprueba.cpp(56,52): error C2059: error de sintaxis: ')'
C:\trabajo_ajedrez\tableroprueba\tableroprueba\tableroprueba.cpp(57,26): error C2061: error de sintaxis: identificador 'Canciller'
C:\trabajo_ajedrez\tableroprueba\tableroprueba\tableroprueba.cpp(57,36): error C2143: error de sintaxis: falta ';' delante de '{'
C:\trabajo_ajedrez\tableroprueba\tableroprueba\tableroprueba.cpp(57,38): error C2059: error de sintaxis: ','
C:\trabajo_ajedrez\tableroprueba\tableroprueba\tableroprueba.cpp(57,58): error C2059: error de sintaxis: ')'
C:\trabajo_ajedrez\tableroprueba\tableroprueba\tableroprueba.cpp(58,26): error C2061: error de sintaxis: identificador 'Alfil'
C:\trabajo_ajedrez\tableroprueba\tableroprueba\tableroprueba.cpp(58,32): error C2143: error de sintaxis: falta ';' delante de '{'
C:\trabajo_ajedrez\tableroprueba\tableroprueba\tableroprueba.cpp(58,34): error C2059: error de sintaxis: ','
C:\trabajo_ajedrez\tableroprueba\tableroprueba\tableroprueba.cpp(58,54): error C2059: error de sintaxis: ')'
C:\trabajo_ajedrez\tableroprueba\tableroprueba\tableroprueba.cpp(59,26): error C2061: error de sintaxis: identificador 'Caballo'
C:\trabajo_ajedrez\tableroprueba\tableroprueba\tableroprueba.cpp(59,34): error C2143: error de sintaxis: falta ';' delante de '{'
C:\trabajo_ajedrez\tableroprueba\tableroprueba\tableroprueba.cpp(59,36): error C2059: error de sintaxis: ','
C:\trabajo_ajedrez\tableroprueba\tableroprueba\tableroprueba.cpp(59,49): error C2059: error de sintaxis: ')'
C:\trabajo_ajedrez\tableroprueba\tableroprueba\tableroprueba.cpp(60,26): error C2061: error de sintaxis: identificador 'Torre'
C:\trabajo_ajedrez\tableroprueba\tableroprueba\tableroprueba.cpp(60,32): error C2143: error de sintaxis: falta ';' delante de '{'
C:\trabajo_ajedrez\tableroprueba\tableroprueba\tableroprueba.cpp(60,34): error C2059: error de sintaxis: ','
C:\trabajo_ajedrez\tableroprueba\tableroprueba\tableroprueba.cpp(60,54): error C2059: error de sintaxis: ')'
C:\trabajo_ajedrez\tableroprueba\tableroprueba\tableroprueba.cpp(63,30): error C2061: error de sintaxis: identificador 'Peon'
C:\trabajo_ajedrez\tableroprueba\tableroprueba\tableroprueba.cpp(63,35): error C2143: error de sintaxis: falta ';' delante de '{'
C:\trabajo_ajedrez\tableroprueba\tableroprueba\tableroprueba.cpp(63,37): error C2059: error de sintaxis: ','
C:\trabajo_ajedrez\tableroprueba\tableroprueba\tableroprueba.cpp(63,58): error C2059: error de sintaxis: ')'
C:\trabajo_ajedrez\tableroprueba\tableroprueba\tableroprueba.cpp(64,30): error C2061: error de sintaxis: identificador 'Peon'
C:\trabajo_ajedrez\tableroprueba\tableroprueba\tableroprueba.cpp(64,35): error C2143: error de sintaxis: falta ';' delante de '{'
C:\trabajo_ajedrez\tableroprueba\tableroprueba\tableroprueba.cpp(64,37): error C2059: error de sintaxis: ','
C:\trabajo_ajedrez\tableroprueba\tableroprueba\tableroprueba.cpp(64,57): error C2059: error de sintaxis: ')'
C:\trabajo_ajedrez\tableroprueba\tableroprueba\tableroprueba.cpp(187,12): error C2039: "SetTurno": no es un miembro de "Jugador"
C:\trabajo_ajedrez\tableroprueba\tableroprueba\jugador.h(7): message : vea la declaración de 'Jugador'
C:\trabajo_ajedrez\tableroprueba\tableroprueba\tableroprueba.cpp(188,12): error C2039: "SetTurno": no es un miembro de "Jugador"
C:\trabajo_ajedrez\tableroprueba\tableroprueba\jugador.h(7): message : vea la declaración de 'Jugador'
C:\trabajo_ajedrez\tableroprueba\tableroprueba\tableroprueba.cpp(303,26): error C2061: error de sintaxis: identificador 'Torre'
C:\trabajo_ajedrez\tableroprueba\tableroprueba\tableroprueba.cpp(304,26): error C2061: error de sintaxis: identificador 'Caballo'
C:\trabajo_ajedrez\tableroprueba\tableroprueba\tableroprueba.cpp(305,26): error C2061: error de sintaxis: identificador 'Alfil'
C:\trabajo_ajedrez\tableroprueba\tableroprueba\tableroprueba.cpp(306,26): error C2061: error de sintaxis: identificador 'Reina'
C:\trabajo_ajedrez\tableroprueba\tableroprueba\tableroprueba.cpp(307,26): error C2061: error de sintaxis: identificador 'Canciller'
C:\trabajo_ajedrez\tableroprueba\tableroprueba\tableroprueba.cpp(308,26): error C2061: error de sintaxis: identificador 'Arzobispo'
C:\trabajo_ajedrez\tableroprueba\tableroprueba\tableroprueba.cpp(311,20): error C2061: error de sintaxis: identificador 'Reina'
C:\trabajo_ajedrez\tableroprueba\tableroprueba\tableroprueba.cpp(396,21): error C2061: error de sintaxis: identificador 'Reina'
C:\trabajo_ajedrez\tableroprueba\tableroprueba\tableroprueba.cpp(402,14): error C2039: "SetTurno": no es un miembro de "Jugador"
C:\trabajo_ajedrez\tableroprueba\tableroprueba\jugador.h(7): message : vea la declaración de 'Jugador'
C:\trabajo_ajedrez\tableroprueba\tableroprueba\tableroprueba.cpp(403,14): error C2039: "SetTurno": no es un miembro de "Jugador"
C:\trabajo_ajedrez\tableroprueba\tableroprueba\jugador.h(7): message : vea la declaración de 'Jugador'
