  Grafica.cpp
C:\Users\jimen\OneDrive\Desktop\ALFIL\CapablancaMatrizFUNCIONA\Grafica.cpp(33,17): warning C4244: 'inicializando': conversión de 'int' a 'float'; posible pérdida de datos
C:\Users\jimen\OneDrive\Desktop\ALFIL\CapablancaMatrizFUNCIONA\Grafica.cpp(34,17): warning C4244: 'inicializando': conversión de 'int' a 'float'; posible pérdida de datos
  prueba.cpp
  Alfil.cpp
  Arzobispo.cpp
  Caballo.cpp
  Canciller.cpp
  Casilla.cpp
  Coordenada.cpp
  Jugador.cpp
  Peon.cpp
  Pieza.cpp
  Reina.cpp
  Rey.cpp
  Tablero.cpp
C:\Users\jimen\OneDrive\Desktop\ALFIL\CapablancaMatrizFUNCIONA\src\Tablero.cpp(99,25): warning C4244: 'inicializando': conversión de 'const double' a 'float'; posible pérdida de datos
C:\Users\jimen\OneDrive\Desktop\ALFIL\CapablancaMatrizFUNCIONA\src\Tablero.cpp(100,25): warning C4244: 'inicializando': conversión de 'const double' a 'float'; posible pérdida de datos
  Torre.cpp
  Generando código...
  LINK : no se encontró C:\Users\jimen\OneDrive\Desktop\ALFIL\CapablancaMatrizFUNCIONA\x64\Debug\CapablancaMatriz.exe o no lo generó el último vínculo incremental; ejecutando vínculo completo
  CapablancaMatriz.vcxproj -> C:\Users\jimen\OneDrive\Desktop\ALFIL\CapablancaMatrizFUNCIONA\x64\Debug\CapablancaMatriz.exe
  C:\Users\jimen\OneDrive\Desktop\ALFIL\CapablancaMatrizFUNCIONA\bin\\imagenes\alfil_blanco.png
  C:\Users\jimen\OneDrive\Desktop\ALFIL\CapablancaMatrizFUNCIONA\bin\\imagenes\alfil_negro.png
  C:\Users\jimen\OneDrive\Desktop\ALFIL\CapablancaMatrizFUNCIONA\bin\\imagenes\arzobispo_blanco.png
  C:\Users\jimen\OneDrive\Desktop\ALFIL\CapablancaMatrizFUNCIONA\bin\\imagenes\arzobispo_negro.png
  C:\Users\jimen\OneDrive\Desktop\ALFIL\CapablancaMatrizFUNCIONA\bin\\imagenes\caballo_blanco.png
  C:\Users\jimen\OneDrive\Desktop\ALFIL\CapablancaMatrizFUNCIONA\bin\\imagenes\caballo_negro.png
  C:\Users\jimen\OneDrive\Desktop\ALFIL\CapablancaMatrizFUNCIONA\bin\\imagenes\canciller_blanco.png
  C:\Users\jimen\OneDrive\Desktop\ALFIL\CapablancaMatrizFUNCIONA\bin\\imagenes\canciller_negro.png
  C:\Users\jimen\OneDrive\Desktop\ALFIL\CapablancaMatrizFUNCIONA\bin\\imagenes\peon_blanco.png
  C:\Users\jimen\OneDrive\Desktop\ALFIL\CapablancaMatrizFUNCIONA\bin\\imagenes\peon_negro.png
  C:\Users\jimen\OneDrive\Desktop\ALFIL\CapablancaMatrizFUNCIONA\bin\\imagenes\reina_blanca.png
  C:\Users\jimen\OneDrive\Desktop\ALFIL\CapablancaMatrizFUNCIONA\bin\\imagenes\reina_negra.png
  C:\Users\jimen\OneDrive\Desktop\ALFIL\CapablancaMatrizFUNCIONA\bin\\imagenes\rey_blanco.png
  C:\Users\jimen\OneDrive\Desktop\ALFIL\CapablancaMatrizFUNCIONA\bin\\imagenes\rey_negro.png
  C:\Users\jimen\OneDrive\Desktop\ALFIL\CapablancaMatrizFUNCIONA\bin\\imagenes\Selector.png
  C:\Users\jimen\OneDrive\Desktop\ALFIL\CapablancaMatrizFUNCIONA\bin\\imagenes\Tablero_etsidi.png
  C:\Users\jimen\OneDrive\Desktop\ALFIL\CapablancaMatrizFUNCIONA\bin\\imagenes\torre_blanca.png
  C:\Users\jimen\OneDrive\Desktop\ALFIL\CapablancaMatrizFUNCIONA\bin\\imagenes\torre_negra.png
  18 archivo(s) copiado(s)
